[6076:9428:0420/122539.114:WARNING:chrome_main_delegate.cc(745)] This is Chrome version 128.0.6613.138 (not a warning)
[6076:19272:0420/122539.166:ERROR:google_update_settings.cc(265)] Failed opening key Software\Chromium to set usagestats; result: 5
[6076:9428:0420/122539.210:WARNING:account_consistency_mode_manager.cc(77)] Desktop Identity Consistency cannot be enabled as no OAuth client ID and client secret have been configured.
[6284:7980:0420/122543.721:WARNING:frame_impl.cc(430)] virtual CefFrameImpl::SendProcessMessage sent to detached frame 5-C198DF27E4EDB54DB5FB32CEA4B59B4C will be ignored
[19312:1608:0420/122544.548:WARNING:frame_impl.cc(430)] virtual CefFrameImpl::SendProcessMessage sent to detached frame 6-B12C64539EFBAF238732653B8F9FD846 will be ignored
[5948:18368:0420/122546.480:ERROR:ssl_client_socket_impl.cc(882)] handshake failed; returned -1, SSL error code 1, net_error -100
[5948:18368:0420/122546.514:ERROR:ssl_client_socket_impl.cc(882)] handshake failed; returned -1, SSL error code 1, net_error -100
[6076:9428:0420/122546.866:ERROR:device_event_log_impl.cc(196)] [12:25:46.863] USB: usb_service_win.cc:105 SetupDiGetDeviceProperty({{A45C254E-DF1C-4EFD-8020-67D146A850E0}, 6}) failed: Element not found. (0x490)
[5948:18368:0420/122554.730:ERROR:ssl_client_socket_impl.cc(882)] handshake failed; returned -1, SSL error code 1, net_error -107
[5948:18368:0420/122603.565:ERROR:ssl_client_socket_impl.cc(882)] handshake failed; returned -1, SSL error code 1, net_error -100
[17648:6912:0420/123507.654:ERROR:shared_image_manager.cc(224)] SharedImageManager::ProduceSkia: Trying to Produce a Skia representation from a non-existent mailbox.
[10900:2132:0420/125940.888:WARNING:frame_impl.cc(430)] virtual CefFrameImpl::SendProcessMessage sent to detached frame 9-EA35FAB50433FAD88B59639A33507A71 will be ignored
[6076:9428:0420/132153.519:ERROR:device_event_log_impl.cc(196)] [13:21:53.519] USB: usb_service_win.cc:105 SetupDiGetDeviceProperty({{A45C254E-DF1C-4EFD-8020-67D146A850E0}, 6}) failed: Element not found. (0x490)
[5948:18368:0420/133947.784:ERROR:ssl_client_socket_impl.cc(882)] handshake failed; returned -1, SSL error code 1, net_error -100
[5948:18368:0420/133948.452:ERROR:ssl_client_socket_impl.cc(882)] handshake failed; returned -1, SSL error code 1, net_error -100
[5948:18368:0420/133958.457:ERROR:ssl_client_socket_impl.cc(882)] handshake failed; returned -1, SSL error code 1, net_error -100
[5948:18368:0420/134011.791:ERROR:ssl_client_socket_impl.cc(882)] handshake failed; returned -1, SSL error code 1, net_error -107
[17648:18748:0420/141022.124:VERBOSE1:video_capture_oracle.cc(91)] Capture size auto-throttling is now enabled.
[17648:18748:0420/141022.125:VERBOSE1:video_capture_oracle.cc(120)] Capture size auto-throttling is now disabled.
[17648:18748:0420/141022.125:VERBOSE1:capture_resolution_chooser.cc(205)] Recomputed snapped frame sizes: 1x1
[17648:18748:0420/141022.125:VERBOSE1:capture_resolution_chooser.cc(157)] Recomputed capture size from 640x360 to 1x1 (100% of ideal size)
[17648:6912:0420/141022.210:ERROR:shared_image_manager.cc(224)] SharedImageManager::ProduceSkia: Trying to Produce a Skia representation from a non-existent mailbox.
[17648:18748:0420/141022.743:VERBOSE1:capture_resolution_chooser.cc(205)] Recomputed snapped frame sizes: 1x1
[17648:18748:0420/141039.628:VERBOSE1:video_capture_oracle.cc(91)] Capture size auto-throttling is now enabled.
[17648:18748:0420/141039.629:VERBOSE1:video_capture_oracle.cc(120)] Capture size auto-throttling is now disabled.
[17648:18748:0420/141039.629:VERBOSE1:capture_resolution_chooser.cc(205)] Recomputed snapped frame sizes: 1x1
[17648:18748:0420/141039.629:VERBOSE1:capture_resolution_chooser.cc(157)] Recomputed capture size from 640x360 to 1x1 (100% of ideal size)
[17648:18748:0420/141040.130:VERBOSE1:capture_resolution_chooser.cc(205)] Recomputed snapped frame sizes: 1x1
[6076:9428:0420/142415.226:WARNING:pref_notifier_impl.cc(41)] Pref observer for media_router.cast_allow_all_ips found at shutdown.
