[46024:36676:0515/014024.676:WARNING:chrome_main_delegate.cc(745)] This is Chrome version 128.0.6613.138 (not a warning)
[46024:36676:0515/014024.686:ERROR:os_crypt_win.cc(100)] Failed to decrypt: Key not valid for use in specified state. (0x8009000B)
[46024:47876:0515/014024.702:ERROR:google_update_settings.cc(265)] Failed opening key Software\Chromium to set usagestats; result: 5
[46024:36676:0515/014024.711:WARNING:account_consistency_mode_manager.cc(77)] Desktop Identity Consistency cannot be enabled as no OAuth client ID and client secret have been configured.
[46024:45496:0515/014026.087:WARNING:leveldb_database.cc(141)] Unable to open C:\Users\fredd\Documents\GitHub\GAD101-TheStorageUnit\GAD101TheStorageUnit\Saved\webcache_6613\Default\shared_proto_db\metadata: IO error: C:\Users\fredd\Documents\GitHub\GAD101-TheStorageUnit\GAD101TheStorageUnit\Saved\webcache_6613\Default\shared_proto_db\metadata/MANIFEST-000001: Unable to create sequential file (ChromeMethodBFE: 7::NewSequentialFile::1)
[46024:45496:0515/014026.090:WARNING:leveldb_database.cc(141)] Unable to open C:\Users\fredd\Documents\GitHub\GAD101-TheStorageUnit\GAD101TheStorageUnit\Saved\webcache_6613\Default\shared_proto_db\metadata: IO error: C:\Users\fredd\Documents\GitHub\GAD101-TheStorageUnit\GAD101TheStorageUnit\Saved\webcache_6613\Default\shared_proto_db\metadata/MANIFEST-000001: Unable to create sequential file (ChromeMethodBFE: 7::NewSequentialFile::1)
[46024:45496:0515/014026.092:WARNING:leveldb_database.cc(141)] Unable to open C:\Users\fredd\Documents\GitHub\GAD101-TheStorageUnit\GAD101TheStorageUnit\Saved\webcache_6613\Default\shared_proto_db\metadata: IO error: C:\Users\fredd\Documents\GitHub\GAD101-TheStorageUnit\GAD101TheStorageUnit\Saved\webcache_6613\Default\shared_proto_db\metadata/MANIFEST-000001: Unable to create sequential file (ChromeMethodBFE: 7::NewSequentialFile::1)
[46024:45496:0515/014026.094:WARNING:leveldb_database.cc(141)] Unable to open C:\Users\fredd\Documents\GitHub\GAD101-TheStorageUnit\GAD101TheStorageUnit\Saved\webcache_6613\Default\shared_proto_db\metadata: IO error: C:\Users\fredd\Documents\GitHub\GAD101-TheStorageUnit\GAD101TheStorageUnit\Saved\webcache_6613\Default\shared_proto_db\metadata/MANIFEST-000001: Unable to create sequential file (ChromeMethodBFE: 7::NewSequentialFile::1)
[46024:45496:0515/014026.228:WARNING:value_store_frontend.cc(47)] Reading ahfgeienlihckogmohjhadlkjgocpleb.alarms from  failed: IO error: .../MANIFEST-000001: Unable to create sequential file (ChromeMethodBFE: 7::NewSequentialFile::1)
[46024:45496:0515/014026.232:WARNING:value_store_frontend.cc(47)] Reading mhjfbmdgcfjbbpaeojofohoefgiehjai.alarms from  failed: IO error: .../MANIFEST-000001: Unable to create sequential file (ChromeMethodBFE: 7::NewSequentialFile::1)
[46448:38204:0515/014027.191:WARNING:frame_impl.cc(430)] virtual CefFrameImpl::SendProcessMessage sent to detached frame 5-53F5FE0E6CF398708449CAEDC87A71EE will be ignored
[44460:44248:0515/014027.735:ERROR:ssl_client_socket_impl.cc(882)] handshake failed; returned -1, SSL error code 1, net_error -100
[44460:44248:0515/014027.735:ERROR:ssl_client_socket_impl.cc(882)] handshake failed; returned -1, SSL error code 1, net_error -100
[44460:44248:0515/014027.751:ERROR:ssl_client_socket_impl.cc(882)] handshake failed; returned -1, SSL error code 1, net_error -100
[44460:44248:0515/014027.752:ERROR:ssl_client_socket_impl.cc(882)] handshake failed; returned -1, SSL error code 1, net_error -107
[46024:36676:0515/014030.251:ERROR:device_event_log_impl.cc(196)] [01:40:30.242] USB: usb_service_win.cc:105 SetupDiGetDeviceProperty({{A45C254E-DF1C-4EFD-8020-67D146A850E0}, 6}) failed: Element not found. (0x490)
[44460:44248:0515/014037.110:ERROR:ssl_client_socket_impl.cc(882)] handshake failed; returned -1, SSL error code 1, net_error -100
[44460:44248:0515/014039.781:ERROR:ssl_client_socket_impl.cc(882)] handshake failed; returned -1, SSL error code 1, net_error -100
[44460:44248:0515/014046.428:ERROR:ssl_client_socket_impl.cc(882)] handshake failed; returned -1, SSL error code 1, net_error -100
[44460:44248:0515/014051.958:ERROR:ssl_client_socket_impl.cc(882)] handshake failed; returned -1, SSL error code 1, net_error -100
[44460:46208:0515/020754.106:WARNING:dns_config_service_win.cc(605)] Failed to read DnsConfig.
[46024:47876:0515/020754.108:WARNING:dns_config_service_win.cc(605)] Failed to read DnsConfig.
[46024:47876:0515/020759.114:WARNING:dns_config_service_win.cc(605)] Failed to read DnsConfig.
[44460:40560:0515/020759.114:WARNING:dns_config_service_win.cc(605)] Failed to read DnsConfig.
[46024:47876:0515/020829.344:WARNING:dns_config_service_win.cc(605)] Failed to read DnsConfig.
[44460:49528:0515/020829.345:WARNING:dns_config_service_win.cc(605)] Failed to read DnsConfig.
[44460:42056:0515/020831.625:WARNING:dns_config_service_win.cc(605)] Failed to read DnsConfig.
[44460:46208:0515/020831.658:WARNING:dns_config_service_win.cc(605)] Failed to read DnsConfig.
[46024:42220:0515/020831.659:WARNING:dns_config_service_win.cc(605)] Failed to read DnsConfig.
[46024:47876:0515/020836.661:WARNING:dns_config_service_win.cc(605)] Failed to read DnsConfig.
[44460:46208:0515/020836.675:WARNING:dns_config_service_win.cc(605)] Failed to read DnsConfig.
[46024:42220:0515/020843.576:WARNING:dns_config_service_win.cc(605)] Failed to read DnsConfig.
[44460:40560:0515/020843.576:WARNING:dns_config_service_win.cc(605)] Failed to read DnsConfig.
[46024:47876:0515/020848.579:WARNING:dns_config_service_win.cc(605)] Failed to read DnsConfig.
[44460:40560:0515/020848.592:WARNING:dns_config_service_win.cc(605)] Failed to read DnsConfig.
[46024:36676:0515/020905.927:ERROR:device_event_log_impl.cc(196)] [02:09:05.902] USB: usb_service_win.cc:105 SetupDiGetDeviceProperty({{A45C254E-DF1C-4EFD-8020-67D146A850E0}, 6}) failed: Element not found. (0x490)
[44460:44248:0515/021104.624:ERROR:ssl_client_socket_impl.cc(882)] handshake failed; returned -1, SSL error code 1, net_error -100
[44460:44248:0515/021104.626:ERROR:ssl_client_socket_impl.cc(882)] handshake failed; returned -1, SSL error code 1, net_error -107
[44460:44248:0515/021105.291:ERROR:ssl_client_socket_impl.cc(882)] handshake failed; returned -1, SSL error code 1, net_error -107
[44460:44248:0515/021105.291:ERROR:ssl_client_socket_impl.cc(882)] handshake failed; returned -1, SSL error code 1, net_error -100
[44460:44248:0515/021115.289:ERROR:ssl_client_socket_impl.cc(882)] handshake failed; returned -1, SSL error code 1, net_error -100
[44460:44248:0515/021118.047:ERROR:ssl_client_socket_impl.cc(882)] handshake failed; returned -1, SSL error code 1, net_error -100
[44460:44248:0515/021124.806:ERROR:ssl_client_socket_impl.cc(882)] handshake failed; returned -1, SSL error code 1, net_error -100
[44460:44248:0515/021129.264:ERROR:ssl_client_socket_impl.cc(882)] handshake failed; returned -1, SSL error code 1, net_error -100
[46024:36676:0515/021133.073:ERROR:device_event_log_impl.cc(196)] [02:11:33.065] USB: usb_service_win.cc:105 SetupDiGetDeviceProperty({{A45C254E-DF1C-4EFD-8020-67D146A850E0}, 6}) failed: Element not found. (0x490)
[46024:36676:0515/033019.792:WARNING:pref_notifier_impl.cc(41)] Pref observer for media_router.cast_allow_all_ips found at shutdown.
