<<<<<<< Updated upstream
[19680:35916:0514/044628.557:WARNING:chrome_main_delegate.cc(745)] This is Chrome version 128.0.6613.138 (not a warning)
[19680:27732:0514/044628.601:ERROR:google_update_settings.cc(265)] Failed opening key Software\Chromium to set usagestats; result: 5
[19680:35916:0514/044628.608:WARNING:account_consistency_mode_manager.cc(77)] Desktop Identity Consistency cannot be enabled as no OAuth client ID and client secret have been configured.
[19680:44212:0514/044630.753:WARNING:leveldb_database.cc(141)] Unable to open C:\Users\zheny\Documents\GitHub\GAD101-TheStorageUnit\GAD101TheStorageUnit\Saved\webcache_6613\Default\shared_proto_db\metadata: IO error: C:\Users\zheny\Documents\GitHub\GAD101-TheStorageUnit\GAD101TheStorageUnit\Saved\webcache_6613\Default\shared_proto_db\metadata/MANIFEST-000001: Unable to create sequential file (ChromeMethodBFE: 7::NewSequentialFile::1)
[19680:44212:0514/044630.756:WARNING:leveldb_database.cc(141)] Unable to open C:\Users\zheny\Documents\GitHub\GAD101-TheStorageUnit\GAD101TheStorageUnit\Saved\webcache_6613\Default\shared_proto_db\metadata: IO error: C:\Users\zheny\Documents\GitHub\GAD101-TheStorageUnit\GAD101TheStorageUnit\Saved\webcache_6613\Default\shared_proto_db\metadata/MANIFEST-000001: Unable to create sequential file (ChromeMethodBFE: 7::NewSequentialFile::1)
[19680:44212:0514/044630.758:WARNING:leveldb_database.cc(141)] Unable to open C:\Users\zheny\Documents\GitHub\GAD101-TheStorageUnit\GAD101TheStorageUnit\Saved\webcache_6613\Default\shared_proto_db\metadata: IO error: C:\Users\zheny\Documents\GitHub\GAD101-TheStorageUnit\GAD101TheStorageUnit\Saved\webcache_6613\Default\shared_proto_db\metadata/MANIFEST-000001: Unable to create sequential file (ChromeMethodBFE: 7::NewSequentialFile::1)
[19680:44212:0514/044630.760:WARNING:leveldb_database.cc(141)] Unable to open C:\Users\zheny\Documents\GitHub\GAD101-TheStorageUnit\GAD101TheStorageUnit\Saved\webcache_6613\Default\shared_proto_db\metadata: IO error: C:\Users\zheny\Documents\GitHub\GAD101-TheStorageUnit\GAD101TheStorageUnit\Saved\webcache_6613\Default\shared_proto_db\metadata/MANIFEST-000001: Unable to create sequential file (ChromeMethodBFE: 7::NewSequentialFile::1)
[19680:51672:0514/044631.135:WARNING:value_store_frontend.cc(47)] Reading ahfgeienlihckogmohjhadlkjgocpleb.alarms from  failed: IO error: .../MANIFEST-000001: Unable to create sequential file (ChromeMethodBFE: 7::NewSequentialFile::1)
[19680:51672:0514/044631.137:WARNING:value_store_frontend.cc(47)] Reading mhjfbmdgcfjbbpaeojofohoefgiehjai.alarms from  failed: IO error: .../MANIFEST-000001: Unable to create sequential file (ChromeMethodBFE: 7::NewSequentialFile::1)
[31080:47132:0514/044631.894:WARNING:frame_impl.cc(430)] virtual CefFrameImpl::SendProcessMessage sent to detached frame 5-C054876032379471A56426260249CD21 will be ignored
[19680:35916:0514/044635.560:ERROR:device_event_log_impl.cc(196)] [04:46:35.230] USB: usb_service_win.cc:105 SetupDiGetDeviceProperty({{A45C254E-DF1C-4EFD-8020-67D146A850E0}, 6}) failed: 找不到元素。 (0x490)
[19680:35916:0514/045038.337:WARNING:pref_notifier_impl.cc(41)] Pref observer for media_router.cast_allow_all_ips found at shutdown.
=======
[3504:3908:0420/225207.502:WARNING:chrome_main_delegate.cc(745)] This is Chrome version 128.0.6613.138 (not a warning)
[3504:3908:0420/225207.530:ERROR:os_crypt_win.cc(100)] Failed to decrypt: 该项不适于在指定状态下使用。 (0x8009000B)
[3504:7224:0420/225207.555:ERROR:google_update_settings.cc(265)] Failed opening key Software\Chromium to set usagestats; result: 5
[3504:3908:0420/225207.563:WARNING:account_consistency_mode_manager.cc(77)] Desktop Identity Consistency cannot be enabled as no OAuth client ID and client secret have been configured.
[3504:23888:0420/225211.253:WARNING:leveldb_database.cc(141)] Unable to open C:\Users\zheny\Documents\GitHub\GAD101-TheStorageUnit\GAD101TheStorageUnit\Saved\webcache_6613\Default\shared_proto_db\metadata: IO error: C:\Users\zheny\Documents\GitHub\GAD101-TheStorageUnit\GAD101TheStorageUnit\Saved\webcache_6613\Default\shared_proto_db\metadata/MANIFEST-000001: Unable to create sequential file (ChromeMethodBFE: 7::NewSequentialFile::1)
[3504:23888:0420/225211.257:WARNING:leveldb_database.cc(141)] Unable to open C:\Users\zheny\Documents\GitHub\GAD101-TheStorageUnit\GAD101TheStorageUnit\Saved\webcache_6613\Default\shared_proto_db\metadata: IO error: C:\Users\zheny\Documents\GitHub\GAD101-TheStorageUnit\GAD101TheStorageUnit\Saved\webcache_6613\Default\shared_proto_db\metadata/MANIFEST-000001: Unable to create sequential file (ChromeMethodBFE: 7::NewSequentialFile::1)
[3504:23888:0420/225211.259:WARNING:leveldb_database.cc(141)] Unable to open C:\Users\zheny\Documents\GitHub\GAD101-TheStorageUnit\GAD101TheStorageUnit\Saved\webcache_6613\Default\shared_proto_db\metadata: IO error: C:\Users\zheny\Documents\GitHub\GAD101-TheStorageUnit\GAD101TheStorageUnit\Saved\webcache_6613\Default\shared_proto_db\metadata/MANIFEST-000001: Unable to create sequential file (ChromeMethodBFE: 7::NewSequentialFile::1)
[3504:23888:0420/225211.263:WARNING:leveldb_database.cc(141)] Unable to open C:\Users\zheny\Documents\GitHub\GAD101-TheStorageUnit\GAD101TheStorageUnit\Saved\webcache_6613\Default\shared_proto_db\metadata: IO error: C:\Users\zheny\Documents\GitHub\GAD101-TheStorageUnit\GAD101TheStorageUnit\Saved\webcache_6613\Default\shared_proto_db\metadata/MANIFEST-000001: Unable to create sequential file (ChromeMethodBFE: 7::NewSequentialFile::1)
[3504:21544:0420/225212.051:WARNING:value_store_frontend.cc(47)] Reading ahfgeienlihckogmohjhadlkjgocpleb.alarms from  failed: IO error: .../MANIFEST-000001: Unable to create sequential file (ChromeMethodBFE: 7::NewSequentialFile::1)
[3504:21544:0420/225212.057:WARNING:value_store_frontend.cc(47)] Reading mhjfbmdgcfjbbpaeojofohoefgiehjai.alarms from  failed: IO error: .../MANIFEST-000001: Unable to create sequential file (ChromeMethodBFE: 7::NewSequentialFile::1)
[27780:8256:0420/225212.093:ERROR:backend_impl.cc(989)] Critical error found -8
[27780:8256:0420/225212.220:WARNING:storage_block-inl.h(138)] Failed data load.
[27780:8256:0420/225212.220:WARNING:storage_block-inl.h(138)] Failed data load.
[27780:8256:0420/225212.220:ERROR:entry_impl.cc(955)] Failed to save user data
[26444:27776:0420/225212.466:WARNING:frame_impl.cc(430)] virtual CefFrameImpl::SendProcessMessage sent to detached frame 5-C49B68D2ED9227DBCECC070C6E9237F2 will be ignored
[3504:3908:0420/225216.215:ERROR:device_event_log_impl.cc(196)] [22:52:16.200] USB: usb_service_win.cc:105 SetupDiGetDeviceProperty({{A45C254E-DF1C-4EFD-8020-67D146A850E0}, 6}) failed: 找不到元素。 (0x490)
[3504:3908:0420/225753.011:ERROR:device_event_log_impl.cc(196)] [22:57:53.010] USB: usb_service_win.cc:105 SetupDiGetDeviceProperty({{A45C254E-DF1C-4EFD-8020-67D146A850E0}, 6}) failed: 找不到元素。 (0x490)
[3504:3908:0420/225824.534:WARNING:pref_notifier_impl.cc(41)] Pref observer for media_router.cast_allow_all_ips found at shutdown.
>>>>>>> Stashed changes
