<<<<<<< Updated upstream
[11748:4688:0508/144038.936:WARNING:chrome_main_delegate.cc(745)] This is Chrome version 128.0.6613.138 (not a warning)
[11748:28872:0508/144039.101:ERROR:google_update_settings.cc(265)] Failed opening key Software\Chromium to set usagestats; result: 5
[11748:4688:0508/144039.134:WARNING:account_consistency_mode_manager.cc(77)] Desktop Identity Consistency cannot be enabled as no OAuth client ID and client secret have been configured.
[11748:8788:0508/144043.526:WARNING:leveldb_database.cc(141)] Unable to open C:\Users\lr104student26\Documents\GITHUB_SU\GAD101-TheStorageUnit\GAD101TheStorageUnit\Saved\webcache_6613\Default\shared_proto_db\metadata: IO error: C:\Users\lr104student26\Documents\GITHUB_SU\GAD101-TheStorageUnit\GAD101TheStorageUnit\Saved\webcache_6613\Default\shared_proto_db\metadata/MANIFEST-000001: Unable to create sequential file (ChromeMethodBFE: 7::NewSequentialFile::1)
[11748:8788:0508/144043.532:WARNING:leveldb_database.cc(141)] Unable to open C:\Users\lr104student26\Documents\GITHUB_SU\GAD101-TheStorageUnit\GAD101TheStorageUnit\Saved\webcache_6613\Default\shared_proto_db\metadata: IO error: C:\Users\lr104student26\Documents\GITHUB_SU\GAD101-TheStorageUnit\GAD101TheStorageUnit\Saved\webcache_6613\Default\shared_proto_db\metadata/MANIFEST-000001: Unable to create sequential file (ChromeMethodBFE: 7::NewSequentialFile::1)
[11748:8788:0508/144043.537:WARNING:leveldb_database.cc(141)] Unable to open C:\Users\lr104student26\Documents\GITHUB_SU\GAD101-TheStorageUnit\GAD101TheStorageUnit\Saved\webcache_6613\Default\shared_proto_db\metadata: IO error: C:\Users\lr104student26\Documents\GITHUB_SU\GAD101-TheStorageUnit\GAD101TheStorageUnit\Saved\webcache_6613\Default\shared_proto_db\metadata/MANIFEST-000001: Unable to create sequential file (ChromeMethodBFE: 7::NewSequentialFile::1)
[11748:8788:0508/144043.540:WARNING:leveldb_database.cc(141)] Unable to open C:\Users\lr104student26\Documents\GITHUB_SU\GAD101-TheStorageUnit\GAD101TheStorageUnit\Saved\webcache_6613\Default\shared_proto_db\metadata: IO error: C:\Users\lr104student26\Documents\GITHUB_SU\GAD101-TheStorageUnit\GAD101TheStorageUnit\Saved\webcache_6613\Default\shared_proto_db\metadata/MANIFEST-000001: Unable to create sequential file (ChromeMethodBFE: 7::NewSequentialFile::1)
[11748:8788:0508/144044.200:WARNING:value_store_frontend.cc(47)] Reading ahfgeienlihckogmohjhadlkjgocpleb.alarms from  failed: IO error: .../MANIFEST-000001: Unable to create sequential file (ChromeMethodBFE: 7::NewSequentialFile::1)
[11748:8788:0508/144044.204:WARNING:value_store_frontend.cc(47)] Reading mhjfbmdgcfjbbpaeojofohoefgiehjai.alarms from  failed: IO error: .../MANIFEST-000001: Unable to create sequential file (ChromeMethodBFE: 7::NewSequentialFile::1)
[18268:21576:0508/144044.944:WARNING:frame_impl.cc(430)] virtual CefFrameImpl::SendProcessMessage sent to detached frame 5-E1AAE71A86199844269E798B6A7AA0AB will be ignored
[11748:4688:0508/161326.687:WARNING:pref_notifier_impl.cc(41)] Pref observer for media_router.cast_allow_all_ips found at shutdown.
=======
[11652:22648:0508/151700.441:WARNING:chrome_main_delegate.cc(745)] This is Chrome version 128.0.6613.138 (not a warning)
[11652:37396:0508/151700.505:ERROR:google_update_settings.cc(265)] Failed opening key Software\Chromium to set usagestats; result: 5
[11652:22648:0508/151700.537:WARNING:account_consistency_mode_manager.cc(77)] Desktop Identity Consistency cannot be enabled as no OAuth client ID and client secret have been configured.
[11652:40600:0508/151703.718:WARNING:leveldb_database.cc(141)] Unable to open C:\Users\lr104student31\Documents\Github\GAD101-TheStorageUnit\GAD101TheStorageUnit\Saved\webcache_6613\Default\shared_proto_db\metadata: IO error: C:\Users\lr104student31\Documents\Github\GAD101-TheStorageUnit\GAD101TheStorageUnit\Saved\webcache_6613\Default\shared_proto_db\metadata/MANIFEST-000001: Unable to create sequential file (ChromeMethodBFE: 7::NewSequentialFile::1)
[11652:40600:0508/151703.722:WARNING:leveldb_database.cc(141)] Unable to open C:\Users\lr104student31\Documents\Github\GAD101-TheStorageUnit\GAD101TheStorageUnit\Saved\webcache_6613\Default\shared_proto_db\metadata: IO error: C:\Users\lr104student31\Documents\Github\GAD101-TheStorageUnit\GAD101TheStorageUnit\Saved\webcache_6613\Default\shared_proto_db\metadata/MANIFEST-000001: Unable to create sequential file (ChromeMethodBFE: 7::NewSequentialFile::1)
[11652:40600:0508/151703.727:WARNING:leveldb_database.cc(141)] Unable to open C:\Users\lr104student31\Documents\Github\GAD101-TheStorageUnit\GAD101TheStorageUnit\Saved\webcache_6613\Default\shared_proto_db\metadata: IO error: C:\Users\lr104student31\Documents\Github\GAD101-TheStorageUnit\GAD101TheStorageUnit\Saved\webcache_6613\Default\shared_proto_db\metadata/MANIFEST-000001: Unable to create sequential file (ChromeMethodBFE: 7::NewSequentialFile::1)
[11652:40600:0508/151703.733:WARNING:leveldb_database.cc(141)] Unable to open C:\Users\lr104student31\Documents\Github\GAD101-TheStorageUnit\GAD101TheStorageUnit\Saved\webcache_6613\Default\shared_proto_db\metadata: IO error: C:\Users\lr104student31\Documents\Github\GAD101-TheStorageUnit\GAD101TheStorageUnit\Saved\webcache_6613\Default\shared_proto_db\metadata/MANIFEST-000001: Unable to create sequential file (ChromeMethodBFE: 7::NewSequentialFile::1)
[38360:14128:0508/151704.134:WARNING:backend_impl.cc(1764)] Destroying invalid entry.
[38360:14128:0508/151704.134:ERROR:backend_impl.cc(989)] Critical error found -8
[11652:40600:0508/151704.140:WARNING:value_store_frontend.cc(47)] Reading ahfgeienlihckogmohjhadlkjgocpleb.alarms from  failed: IO error: .../MANIFEST-000001: Unable to create sequential file (ChromeMethodBFE: 7::NewSequentialFile::1)
[11652:40600:0508/151704.157:WARNING:value_store_frontend.cc(47)] Reading mhjfbmdgcfjbbpaeojofohoefgiehjai.alarms from  failed: IO error: .../MANIFEST-000001: Unable to create sequential file (ChromeMethodBFE: 7::NewSequentialFile::1)
[38360:14128:0508/151704.950:WARNING:storage_block-inl.h(138)] Failed data load.
[38360:14128:0508/151704.973:WARNING:storage_block-inl.h(138)] Failed data load.
[38360:14128:0508/151704.993:ERROR:entry_impl.cc(955)] Failed to save user data
[18896:32460:0508/151706.208:WARNING:frame_impl.cc(430)] virtual CefFrameImpl::SendProcessMessage sent to detached frame 5-6C84480EEBDFE350B43739D62254AADF will be ignored
[11652:22648:0508/172153.202:WARNING:pref_notifier_impl.cc(41)] Pref observer for media_router.cast_allow_all_ips found at shutdown.
>>>>>>> Stashed changes
