[7064:6540:0507/210029.208:WARNING:chrome_main_delegate.cc(745)] This is Chrome version 128.0.6613.138 (not a warning)
[7064:20424:0507/210029.546:ERROR:google_update_settings.cc(265)] Failed opening key Software\Chromium to set usagestats; result: 5
[7064:6540:0507/210029.717:WARNING:account_consistency_mode_manager.cc(77)] Desktop Identity Consistency cannot be enabled as no OAuth client ID and client secret have been configured.
[7064:6540:0507/210040.132:ERROR:device_event_log_impl.cc(196)] [21:00:39.805] USB: usb_service_win.cc:105 SetupDiGetDeviceProperty({{A45C254E-DF1C-4EFD-8020-67D146A850E0}, 6}) failed: Element not found. (0x490)
[19504:4568:0507/210041.823:ERROR:ssl_client_socket_impl.cc(882)] handshake failed; returned -1, SSL error code 1, net_error -100
[10504:19088:0507/210042.468:WARNING:frame_impl.cc(430)] virtual CefFrameImpl::SendProcessMessage sent to detached frame 5-3DF8B0395088113AED6128A91104D86E will be ignored
[19504:4568:0507/210042.812:ERROR:ssl_client_socket_impl.cc(882)] handshake failed; returned -1, SSL error code 1, net_error -100
[7064:20432:0507/210044.470:WARNING:browser_info.cc(345)] Returning a speculative frame for [9,9]
[7064:6540:0507/210045.132:WARNING:browser_info.cc(345)] Returning a speculative frame for [10,9]
[7064:6540:0507/210045.132:WARNING:browser_info.cc(345)] Returning a speculative frame for [10,9]
[7064:6540:0507/210045.132:WARNING:browser_info.cc(345)] Returning a speculative frame for [10,9]
[7064:6540:0507/210045.132:WARNING:browser_info.cc(345)] Returning a speculative frame for [10,9]
[7064:20432:0507/210045.136:WARNING:browser_info.cc(345)] Returning a speculative frame for [10,9]
[19504:4568:0507/210053.979:ERROR:ssl_client_socket_impl.cc(882)] handshake failed; returned -1, SSL error code 1, net_error -107
[19504:4568:0507/210102.198:ERROR:ssl_client_socket_impl.cc(882)] handshake failed; returned -1, SSL error code 1, net_error -100
[6680:19960:0507/210103.584:WARNING:codec.cc(525)] Explicitly added H264 constrained baseline to list of supported formats.
[6680:19960:0507/210104.813:WARNING:codec.cc(525)] Explicitly added H264 constrained baseline to list of supported formats.
[6680:19948:0507/210104.844:WARNING:codec.cc(525)] Explicitly added H264 constrained baseline to list of supported formats.
[6680:19948:0507/210104.845:WARNING:codec.cc(525)] Explicitly added H264 constrained baseline to list of supported formats.
[6680:19948:0507/210104.846:WARNING:codec.cc(525)] Explicitly added H264 constrained baseline to list of supported formats.
[19504:4568:0507/210104.910:WARNING:host_resolver_dns_task.cc(863)] Address list empty after RFC3484 sort
[19504:4568:0507/210104.970:ERROR:socket_manager.cc(147)] Failed to resolve address for stun.cloudflare.com., errorcode: -105
[19504:4568:0507/210104.970:ERROR:socket_manager.cc(147)] Failed to resolve address for stun.cloudflare.com., errorcode: -105
[19504:4568:0507/210104.970:ERROR:socket_manager.cc(147)] Failed to resolve address for stun.cloudflare.com., errorcode: -105
[6680:19948:0507/210104.970:WARNING:stun_port.cc(442)] Port[1aa4800:0:1:0:host:Net[any:0:0:0:x:x:x:x:x/0:Wildcard:id=0]]: StunPort: stun host lookup received error -1
[6680:19948:0507/210104.970:WARNING:stun_port.cc(442)] Port[1aa5000:1:1:0:host:Net[any:0:0:0:x:x:x:x:x/0:Wildcard:id=0]]: StunPort: stun host lookup received error -1
[6680:19948:0507/210104.970:WARNING:stun_port.cc(442)] Port[1aa5800:2:1:0:host:Net[any:0:0:0:x:x:x:x:x/0:Wildcard:id=0]]: StunPort: stun host lookup received error -1
[6376:17724:0507/210312.700:ERROR:shared_image_manager.cc(224)] SharedImageManager::ProduceSkia: Trying to Produce a Skia representation from a non-existent mailbox.
[6376:17724:0507/210312.700:ERROR:shared_image_manager.cc(224)] SharedImageManager::ProduceSkia: Trying to Produce a Skia representation from a non-existent mailbox.
[7064:6540:0507/212256.003:WARNING:pref_notifier_impl.cc(41)] Pref observer for media_router.cast_allow_all_ips found at shutdown.
