[16752:4928:0502/202145.040:WARNING:chrome_main_delegate.cc(745)] This is Chrome version 128.0.6613.138 (not a warning)
[16752:19720:0502/202145.091:ERROR:google_update_settings.cc(265)] Failed opening key Software\Chromium to set usagestats; result: 5
[16752:4928:0502/202145.133:WARNING:account_consistency_mode_manager.cc(77)] Desktop Identity Consistency cannot be enabled as no OAuth client ID and client secret have been configured.
[5112:2184:0502/202149.746:WARNING:frame_impl.cc(430)] virtual CefFrameImpl::SendProcessMessage sent to detached frame 5-AB51450C79DD3FE15145FAC936910592 will be ignored
[16752:4928:0502/202153.460:ERROR:device_event_log_impl.cc(196)] [20:21:53.453] USB: usb_service_win.cc:105 SetupDiGetDeviceProperty({{A45C254E-DF1C-4EFD-8020-67D146A850E0}, 6}) failed: Element not found. (0x490)
[1516:19948:0502/210953.733:ERROR:ssl_client_socket_impl.cc(882)] handshake failed; returned -1, SSL error code 1, net_error -107
[1516:19948:0502/210954.456:ERROR:ssl_client_socket_impl.cc(882)] handshake failed; returned -1, SSL error code 1, net_error -100
[1516:19948:0502/211003.404:ERROR:ssl_client_socket_impl.cc(882)] handshake failed; returned -1, SSL error code 1, net_error -100
[1516:19948:0502/211015.402:ERROR:ssl_client_socket_impl.cc(882)] handshake failed; returned -1, SSL error code 1, net_error -107
[10112:19900:0502/213626.513:WARNING:frame_impl.cc(430)] virtual CefFrameImpl::SendProcessMessage sent to detached frame 7-178B3726C547409D30A3F290B5A84774 will be ignored
[11700:15664:0502/213851.695:WARNING:angle_platform_impl.cc(49)] HLSLCompiler.cpp:250 (rx::HLSLCompiler::compileToBinary): 
C:\fakepath(103,1-6): warning X4000: use of potentially uninitialized variable (dyn_index_vec4_float4_int)

[11700:9868:0502/213851.868:WARNING:angle_platform_impl.cc(49)] HLSLCompiler.cpp:250 (rx::HLSLCompiler::compileToBinary): 
C:\fakepath(136,1): warning X4000: use of potentially uninitialized variable (f_i_int_int_int2)
C:\fakepath(138,1): warning X4000: use of potentially uninitialized variable (f_i_int_int_int2)
C:\fakepath(174,1): warning X4000: use of potentially uninitialized variable (f_u_int_int_int)

[11700:19976:0502/213852.167:WARNING:angle_platform_impl.cc(49)] HLSLCompiler.cpp:250 (rx::HLSLCompiler::compileToBinary): 
C:\fakepath(166,1): warning X4000: use of potentially uninitialized variable (f_renderMipMapLevel_int)

[11700:20300:0502/213852.181:WARNING:angle_platform_impl.cc(49)] HLSLCompiler.cpp:250 (rx::HLSLCompiler::compileToBinary): 
C:\fakepath(166,1): warning X4000: use of potentially uninitialized variable (f_renderMipMapLevel_int)

[11700:4164:0502/213852.366:WARNING:angle_platform_impl.cc(49)] HLSLCompiler.cpp:250 (rx::HLSLCompiler::compileToBinary): 
C:\fakepath(382,11-39): warning X4008: floating point division by zero
C:\fakepath(382,11-39): warning X4008: floating point division by zero

[11700:7772:0502/213852.475:WARNING:angle_platform_impl.cc(49)] HLSLCompiler.cpp:250 (rx::HLSLCompiler::compileToBinary): 
C:\fakepath(120,1-6): warning X4000: use of potentially uninitialized variable (dyn_index_uvec4_uint4_int)

[11700:22748:0502/213852.517:WARNING:angle_platform_impl.cc(49)] HLSLCompiler.cpp:250 (rx::HLSLCompiler::compileToBinary): 
C:\fakepath(117,1-6): warning X4000: use of potentially uninitialized variable (dyn_index_uvec4_uint4_int)

[11700:20792:0502/213852.524:WARNING:angle_platform_impl.cc(49)] HLSLCompiler.cpp:250 (rx::HLSLCompiler::compileToBinary): 
C:\fakepath(130,1-6): warning X4000: use of potentially uninitialized variable (dyn_index_uvec4_uint4_int)

[11700:20300:0502/213852.527:WARNING:angle_platform_impl.cc(49)] HLSLCompiler.cpp:250 (rx::HLSLCompiler::compileToBinary): 
C:\fakepath(121,1-6): warning X4000: use of potentially uninitialized variable (dyn_index_uvec4_uint4_int)

[11700:9868:0502/213852.599:WARNING:angle_platform_impl.cc(49)] HLSLCompiler.cpp:250 (rx::HLSLCompiler::compileToBinary): 
C:\fakepath(163,1-6): warning X4000: use of potentially uninitialized variable (dyn_index_uvec4_uint4_int)

[11700:7508:0502/213852.747:ERROR:gl_utils.cc(415)] [.WebGL-000079900538F100] GL_INVALID_OPERATION: Two textures of different types use the same sampler location.
[11700:7508:0502/213852.747:ERROR:gl_utils.cc(415)] [.WebGL-000079900538F100] GL_INVALID_OPERATION: Two textures of different types use the same sampler location.
[11700:7508:0502/213852.747:ERROR:gl_utils.cc(415)] [.WebGL-000079900538F100] GL_INVALID_OPERATION: Two textures of different types use the same sampler location.
[11700:7508:0502/213852.747:ERROR:gl_utils.cc(415)] [.WebGL-000079900538F100] GL_INVALID_OPERATION: Two textures of different types use the same sampler location.
[11700:7508:0502/213852.747:ERROR:gl_utils.cc(415)] [.WebGL-000079900538F100] GL_INVALID_OPERATION: Two textures of different types use the same sampler location.
[11700:7508:0502/213852.847:ERROR:gl_utils.cc(415)] [.WebGL-000079900538F100] GL_INVALID_OPERATION: Two textures of different types use the same sampler location.
[11700:7508:0502/213852.847:ERROR:gl_utils.cc(415)] [.WebGL-000079900538F100] GL_INVALID_OPERATION: Two textures of different types use the same sampler location.
[11700:7508:0502/213852.847:ERROR:gl_utils.cc(415)] [.WebGL-000079900538F100] GL_INVALID_OPERATION: Two textures of different types use the same sampler location.
[11700:7508:0502/213852.847:ERROR:gl_utils.cc(415)] [.WebGL-000079900538F100] GL_INVALID_OPERATION: Two textures of different types use the same sampler location.
[11700:7508:0502/213852.847:ERROR:gl_utils.cc(415)] [.WebGL-000079900538F100] GL_INVALID_OPERATION: Two textures of different types use the same sampler location.
[11700:7508:0502/213857.425:ERROR:shared_image_manager.cc(224)] SharedImageManager::ProduceSkia: Trying to Produce a Skia representation from a non-existent mailbox.
[11700:20792:0502/213954.160:WARNING:angle_platform_impl.cc(49)] HLSLCompiler.cpp:250 (rx::HLSLCompiler::compileToBinary): 
C:\fakepath(382,11-39): warning X4008: floating point division by zero
C:\fakepath(382,11-39): warning X4008: floating point division by zero

[16752:4928:0502/223138.306:WARNING:pref_notifier_impl.cc(41)] Pref observer for media_router.cast_allow_all_ips found at shutdown.
