[11956:18628:0514/110419.299:WARNING:chrome_main_delegate.cc(745)] This is Chrome version 128.0.6613.138 (not a warning)
[11956:18628:0514/110419.329:ERROR:os_crypt_win.cc(100)] Failed to decrypt: Key not valid for use in specified state. (0x8009000B)
[11956:23928:0514/110419.358:ERROR:google_update_settings.cc(265)] Failed opening key Software\Chromium to set usagestats; result: 5
[11956:18628:0514/110419.368:WARNING:account_consistency_mode_manager.cc(77)] Desktop Identity Consistency cannot be enabled as no OAuth client ID and client secret have been configured.
[11956:19892:0514/110424.472:WARNING:leveldb_database.cc(141)] Unable to open C:\Users\fredd\Documents\GitHub\GAD101-TheStorageUnit\GAD101TheStorageUnit\Saved\webcache_6613\Default\shared_proto_db\metadata: IO error: C:\Users\fredd\Documents\GitHub\GAD101-TheStorageUnit\GAD101TheStorageUnit\Saved\webcache_6613\Default\shared_proto_db\metadata/MANIFEST-000001: Unable to create sequential file (ChromeMethodBFE: 7::NewSequentialFile::1)
[11956:19892:0514/110424.474:WARNING:leveldb_database.cc(141)] Unable to open C:\Users\fredd\Documents\GitHub\GAD101-TheStorageUnit\GAD101TheStorageUnit\Saved\webcache_6613\Default\shared_proto_db\metadata: IO error: C:\Users\fredd\Documents\GitHub\GAD101-TheStorageUnit\GAD101TheStorageUnit\Saved\webcache_6613\Default\shared_proto_db\metadata/MANIFEST-000001: Unable to create sequential file (ChromeMethodBFE: 7::NewSequentialFile::1)
[11956:19892:0514/110424.475:WARNING:leveldb_database.cc(141)] Unable to open C:\Users\fredd\Documents\GitHub\GAD101-TheStorageUnit\GAD101TheStorageUnit\Saved\webcache_6613\Default\shared_proto_db\metadata: IO error: C:\Users\fredd\Documents\GitHub\GAD101-TheStorageUnit\GAD101TheStorageUnit\Saved\webcache_6613\Default\shared_proto_db\metadata/MANIFEST-000001: Unable to create sequential file (ChromeMethodBFE: 7::NewSequentialFile::1)
[11956:19892:0514/110424.477:WARNING:leveldb_database.cc(141)] Unable to open C:\Users\fredd\Documents\GitHub\GAD101-TheStorageUnit\GAD101TheStorageUnit\Saved\webcache_6613\Default\shared_proto_db\metadata: IO error: C:\Users\fredd\Documents\GitHub\GAD101-TheStorageUnit\GAD101TheStorageUnit\Saved\webcache_6613\Default\shared_proto_db\metadata/MANIFEST-000001: Unable to create sequential file (ChromeMethodBFE: 7::NewSequentialFile::1)
[11956:23828:0514/110424.660:WARNING:value_store_frontend.cc(47)] Reading ahfgeienlihckogmohjhadlkjgocpleb.alarms from  failed: IO error: .../MANIFEST-000001: Unable to create sequential file (ChromeMethodBFE: 7::NewSequentialFile::1)
[11956:23828:0514/110424.665:WARNING:value_store_frontend.cc(47)] Reading mhjfbmdgcfjbbpaeojofohoefgiehjai.alarms from  failed: IO error: .../MANIFEST-000001: Unable to create sequential file (ChromeMethodBFE: 7::NewSequentialFile::1)
[11956:18628:0514/110424.696:ERROR:device_event_log_impl.cc(196)] [11:04:24.653] USB: usb_service_win.cc:105 SetupDiGetDeviceProperty({{A45C254E-DF1C-4EFD-8020-67D146A850E0}, 6}) failed: Element not found. (0x490)
[24144:24920:0514/110424.705:WARNING:backend_impl.cc(1543)] Messed up entry found.
[24144:24920:0514/110424.705:ERROR:backend_impl.cc(989)] Critical error found -8
[24144:24920:0514/110425.043:ERROR:entry_impl.cc(955)] Failed to save user data
[24232:24184:0514/110425.657:WARNING:frame_impl.cc(430)] virtual CefFrameImpl::SendProcessMessage sent to detached frame 5-8EDA71ADB114F875FD2613A9B43EB910 will be ignored
[24144:18876:0514/110427.691:ERROR:ssl_client_socket_impl.cc(882)] handshake failed; returned -1, SSL error code 1, net_error -107
[24144:18876:0514/110427.691:ERROR:ssl_client_socket_impl.cc(882)] handshake failed; returned -1, SSL error code 1, net_error -100
[24144:18876:0514/110427.707:ERROR:ssl_client_socket_impl.cc(882)] handshake failed; returned -1, SSL error code 1, net_error -107
[24144:18876:0514/110427.707:ERROR:ssl_client_socket_impl.cc(882)] handshake failed; returned -1, SSL error code 1, net_error -100
[24144:18876:0514/110439.057:ERROR:ssl_client_socket_impl.cc(882)] handshake failed; returned -1, SSL error code 1, net_error -100
[24144:18876:0514/110442.392:ERROR:ssl_client_socket_impl.cc(882)] handshake failed; returned -1, SSL error code 1, net_error -107
[24144:18876:0514/110452.897:ERROR:ssl_client_socket_impl.cc(882)] handshake failed; returned -1, SSL error code 1, net_error -100
[24144:18876:0514/110453.801:ERROR:ssl_client_socket_impl.cc(882)] handshake failed; returned -1, SSL error code 1, net_error -100
[11956:18628:0514/122039.650:WARNING:pref_notifier_impl.cc(41)] Pref observer for media_router.cast_allow_all_ips found at shutdown.
