[8860:31632:0512/161433.120:WARNING:chrome_main_delegate.cc(745)] This is Chrome version 128.0.6613.138 (not a warning)
[8860:34684:0512/161433.167:ERROR:google_update_settings.cc(265)] Failed opening key Software\Chromium to set usagestats; result: 5
[8860:31632:0512/161433.174:WARNING:account_consistency_mode_manager.cc(77)] Desktop Identity Consistency cannot be enabled as no OAuth client ID and client secret have been configured.
[8860:11540:0512/161435.262:WARNING:leveldb_database.cc(141)] Unable to open C:\Users\zheny\Documents\GitHub\GAD101-TheStorageUnit\GAD101TheStorageUnit\Saved\webcache_6613\Default\shared_proto_db\metadata: IO error: C:\Users\zheny\Documents\GitHub\GAD101-TheStorageUnit\GAD101TheStorageUnit\Saved\webcache_6613\Default\shared_proto_db\metadata/MANIFEST-000001: Unable to create sequential file (ChromeMethodBFE: 7::NewSequentialFile::1)
[8860:11540:0512/161435.265:WARNING:leveldb_database.cc(141)] Unable to open C:\Users\zheny\Documents\GitHub\GAD101-TheStorageUnit\GAD101TheStorageUnit\Saved\webcache_6613\Default\shared_proto_db\metadata: IO error: C:\Users\zheny\Documents\GitHub\GAD101-TheStorageUnit\GAD101TheStorageUnit\Saved\webcache_6613\Default\shared_proto_db\metadata/MANIFEST-000001: Unable to create sequential file (ChromeMethodBFE: 7::NewSequentialFile::1)
[8860:11540:0512/161435.267:WARNING:leveldb_database.cc(141)] Unable to open C:\Users\zheny\Documents\GitHub\GAD101-TheStorageUnit\GAD101TheStorageUnit\Saved\webcache_6613\Default\shared_proto_db\metadata: IO error: C:\Users\zheny\Documents\GitHub\GAD101-TheStorageUnit\GAD101TheStorageUnit\Saved\webcache_6613\Default\shared_proto_db\metadata/MANIFEST-000001: Unable to create sequential file (ChromeMethodBFE: 7::NewSequentialFile::1)
[8860:11540:0512/161435.270:WARNING:leveldb_database.cc(141)] Unable to open C:\Users\zheny\Documents\GitHub\GAD101-TheStorageUnit\GAD101TheStorageUnit\Saved\webcache_6613\Default\shared_proto_db\metadata: IO error: C:\Users\zheny\Documents\GitHub\GAD101-TheStorageUnit\GAD101TheStorageUnit\Saved\webcache_6613\Default\shared_proto_db\metadata/MANIFEST-000001: Unable to create sequential file (ChromeMethodBFE: 7::NewSequentialFile::1)
[8860:1916:0512/161435.561:WARNING:value_store_frontend.cc(47)] Reading ahfgeienlihckogmohjhadlkjgocpleb.alarms from  failed: IO error: .../MANIFEST-000001: Unable to create sequential file (ChromeMethodBFE: 7::NewSequentialFile::1)
[8860:1916:0512/161435.563:WARNING:value_store_frontend.cc(47)] Reading mhjfbmdgcfjbbpaeojofohoefgiehjai.alarms from  failed: IO error: .../MANIFEST-000001: Unable to create sequential file (ChromeMethodBFE: 7::NewSequentialFile::1)
[6428:33820:0512/161437.213:WARNING:frame_impl.cc(430)] virtual CefFrameImpl::SendProcessMessage sent to detached frame 5-B4593FEA470080B36585F3F88AB15834 will be ignored
[8860:31632:0512/161440.831:ERROR:device_event_log_impl.cc(196)] [16:14:40.818] USB: usb_service_win.cc:105 SetupDiGetDeviceProperty({{A45C254E-DF1C-4EFD-8020-67D146A850E0}, 6}) failed: 找不到元素。 (0x490)
[8860:31632:0512/162823.737:ERROR:device_event_log_impl.cc(196)] [16:28:23.733] USB: usb_service_win.cc:105 SetupDiGetDeviceProperty({{A45C254E-DF1C-4EFD-8020-67D146A850E0}, 6}) failed: 找不到元素。 (0x490)
[8860:31632:0512/171800.167:ERROR:device_event_log_impl.cc(196)] [17:18:00.153] USB: usb_service_win.cc:105 SetupDiGetDeviceProperty({{A45C254E-DF1C-4EFD-8020-67D146A850E0}, 6}) failed: 找不到元素。 (0x490)
[8860:31632:0512/184146.043:ERROR:device_event_log_impl.cc(196)] [18:41:45.913] USB: usb_service_win.cc:105 SetupDiGetDeviceProperty({{A45C254E-DF1C-4EFD-8020-67D146A850E0}, 6}) failed: 找不到元素。 (0x490)
[8860:31632:0512/184147.954:ERROR:device_event_log_impl.cc(196)] [18:41:47.942] USB: usb_service_win.cc:105 SetupDiGetDeviceProperty({{A45C254E-DF1C-4EFD-8020-67D146A850E0}, 6}) failed: 找不到元素。 (0x490)
[8860:31632:0512/184340.499:ERROR:device_event_log_impl.cc(196)] [18:43:40.486] USB: usb_service_win.cc:105 SetupDiGetDeviceProperty({{A45C254E-DF1C-4EFD-8020-67D146A850E0}, 6}) failed: 找不到元素。 (0x490)
[8860:31632:0512/192704.583:ERROR:device_event_log_impl.cc(196)] [19:27:04.405] USB: usb_service_win.cc:105 SetupDiGetDeviceProperty({{A45C254E-DF1C-4EFD-8020-67D146A850E0}, 6}) failed: 找不到元素。 (0x490)
[8860:31632:0512/193808.696:ERROR:device_event_log_impl.cc(196)] [19:38:08.526] USB: usb_service_win.cc:105 SetupDiGetDeviceProperty({{A45C254E-DF1C-4EFD-8020-67D146A850E0}, 6}) failed: 找不到元素。 (0x490)
[8860:31632:0512/193810.637:ERROR:device_event_log_impl.cc(196)] [19:38:10.624] USB: usb_service_win.cc:105 SetupDiGetDeviceProperty({{A45C254E-DF1C-4EFD-8020-67D146A850E0}, 6}) failed: 找不到元素。 (0x490)
[8860:31632:0512/203628.716:ERROR:device_event_log_impl.cc(196)] [20:36:28.702] USB: usb_service_win.cc:105 SetupDiGetDeviceProperty({{A45C254E-DF1C-4EFD-8020-67D146A850E0}, 6}) failed: 找不到元素。 (0x490)
[8860:31632:0512/215126.559:WARNING:pref_notifier_impl.cc(41)] Pref observer for media_router.cast_allow_all_ips found at shutdown.
