[2984:2388:0507/222030.407:WARNING:chrome_main_delegate.cc(745)] This is Chrome version 128.0.6613.138 (not a warning)
[2984:33092:0507/222030.450:ERROR:google_update_settings.cc(265)] Failed opening key Software\Chromium to set usagestats; result: 5
[2984:2388:0507/222030.459:WARNING:account_consistency_mode_manager.cc(77)] Desktop Identity Consistency cannot be enabled as no OAuth client ID and client secret have been configured.
[2984:21212:0507/222033.120:WARNING:leveldb_database.cc(141)] Unable to open C:\Users\zheny\Documents\GitHub\GAD101-TheStorageUnit\GAD101TheStorageUnit\Saved\webcache_6613\Default\shared_proto_db\metadata: IO error: C:\Users\zheny\Documents\GitHub\GAD101-TheStorageUnit\GAD101TheStorageUnit\Saved\webcache_6613\Default\shared_proto_db\metadata/MANIFEST-000001: Unable to create sequential file (ChromeMethodBFE: 7::NewSequentialFile::1)
[2984:21212:0507/222033.122:WARNING:leveldb_database.cc(141)] Unable to open C:\Users\zheny\Documents\GitHub\GAD101-TheStorageUnit\GAD101TheStorageUnit\Saved\webcache_6613\Default\shared_proto_db\metadata: IO error: C:\Users\zheny\Documents\GitHub\GAD101-TheStorageUnit\GAD101TheStorageUnit\Saved\webcache_6613\Default\shared_proto_db\metadata/MANIFEST-000001: Unable to create sequential file (ChromeMethodBFE: 7::NewSequentialFile::1)
[2984:21212:0507/222033.124:WARNING:leveldb_database.cc(141)] Unable to open C:\Users\zheny\Documents\GitHub\GAD101-TheStorageUnit\GAD101TheStorageUnit\Saved\webcache_6613\Default\shared_proto_db\metadata: IO error: C:\Users\zheny\Documents\GitHub\GAD101-TheStorageUnit\GAD101TheStorageUnit\Saved\webcache_6613\Default\shared_proto_db\metadata/MANIFEST-000001: Unable to create sequential file (ChromeMethodBFE: 7::NewSequentialFile::1)
[2984:21212:0507/222033.126:WARNING:leveldb_database.cc(141)] Unable to open C:\Users\zheny\Documents\GitHub\GAD101-TheStorageUnit\GAD101TheStorageUnit\Saved\webcache_6613\Default\shared_proto_db\metadata: IO error: C:\Users\zheny\Documents\GitHub\GAD101-TheStorageUnit\GAD101TheStorageUnit\Saved\webcache_6613\Default\shared_proto_db\metadata/MANIFEST-000001: Unable to create sequential file (ChromeMethodBFE: 7::NewSequentialFile::1)
[2984:21212:0507/222033.808:WARNING:value_store_frontend.cc(47)] Reading ahfgeienlihckogmohjhadlkjgocpleb.alarms from  failed: IO error: .../MANIFEST-000001: Unable to create sequential file (ChromeMethodBFE: 7::NewSequentialFile::1)
[2984:21212:0507/222033.810:WARNING:value_store_frontend.cc(47)] Reading mhjfbmdgcfjbbpaeojofohoefgiehjai.alarms from  failed: IO error: .../MANIFEST-000001: Unable to create sequential file (ChromeMethodBFE: 7::NewSequentialFile::1)
[7332:32812:0507/222034.311:WARNING:frame_impl.cc(430)] virtual CefFrameImpl::SendProcessMessage sent to detached frame 5-B9DE13E9238D8AD9188C23EE40F9D8BC will be ignored
[2984:2388:0507/222038.329:ERROR:device_event_log_impl.cc(196)] [22:20:38.317] USB: usb_service_win.cc:105 SetupDiGetDeviceProperty({{A45C254E-DF1C-4EFD-8020-67D146A850E0}, 6}) failed: 找不到元素。 (0x490)
[2984:2388:0507/233638.125:ERROR:device_event_log_impl.cc(196)] [23:36:38.112] USB: usb_service_win.cc:105 SetupDiGetDeviceProperty({{A45C254E-DF1C-4EFD-8020-67D146A850E0}, 6}) failed: 找不到元素。 (0x490)
[29860:17696:0507/235714.499:WARNING:dns_config_service_win.cc(605)] Failed to read DnsConfig.
[2984:34484:0507/235714.500:WARNING:dns_config_service_win.cc(605)] Failed to read DnsConfig.
[2984:2388:0508/002436.926:ERROR:device_event_log_impl.cc(196)] [00:24:36.922] USB: usb_service_win.cc:105 SetupDiGetDeviceProperty({{A45C254E-DF1C-4EFD-8020-67D146A850E0}, 6}) failed: 找不到元素。 (0x490)
[2984:2388:0508/005803.274:ERROR:device_event_log_impl.cc(196)] [00:58:03.207] USB: usb_service_win.cc:105 SetupDiGetDeviceProperty({{A45C254E-DF1C-4EFD-8020-67D146A850E0}, 6}) failed: 找不到元素。 (0x490)
[4412:33328:0508/012701.768:VERBOSE1:capture_resolution_chooser.cc(205)] Recomputed snapped frame sizes: 2x2
[4412:33328:0508/012701.775:VERBOSE1:capture_resolution_chooser.cc(205)] Recomputed snapped frame sizes: 1560x1010
[4412:33328:0508/012701.775:VERBOSE1:capture_resolution_chooser.cc(157)] Recomputed capture size from 2x2 to 1560x1010 (100% of ideal size)
[4412:33328:0508/012701.938:VERBOSE1:video_capture_oracle.cc(250)] Client rejects proposal to capture frame (at #16).
[4412:33328:0508/012701.955:VERBOSE1:video_capture_oracle.cc(250)] Client rejects proposal to capture frame (at #16).
[2984:2388:0508/012713.193:WARNING:pref_notifier_impl.cc(41)] Pref observer for media_router.cast_allow_all_ips found at shutdown.
